\BOOKMARK [0][-]{chapter*.1}{\376\377\000P\000r\000e\000f\000a\000c\000e}{}% 1
\BOOKMARK [-1][-]{part.1}{\376\377\000I\000\040\000I\000n\000t\000r\000o\000d\000u\000c\000t\000o\000r\000y\000\040\000M\000a\000t\000e\000r\000i\000a\000l}{}% 2
\BOOKMARK [0][-]{chapter.1}{\376\377\000N\000o\000t\000e\000s\000\040\000t\000o\000\040\000t\000h\000e\000\040\000R\000e\000a\000d\000e\000r}{part.1}% 3
\BOOKMARK [0][-]{chapter.2}{\376\377\000A\000\040\000T\000o\000u\000r\000\040\000o\000f\000\040\000C\000+\000+\000:\000\040\000T\000h\000e\000\040\000B\000a\000s\000i\000c\000s}{part.1}% 4
\BOOKMARK [0][-]{chapter.3}{\376\377\000A\000\040\000T\000o\000u\000r\000\040\000o\000f\000\040\000C\000+\000+\000:\000\040\000A\000b\000s\000t\000r\000a\000c\000t\000i\000o\000n\000\040\000M\000e\000c\000h\000a\000n\000i\000s\000m\000s}{part.1}% 5
\BOOKMARK [0][-]{chapter.4}{\376\377\000A\000\040\000T\000o\000u\000r\000\040\000o\000f\000\040\000C\000+\000+\000:\000\040\000C\000o\000n\000t\000a\000i\000n\000e\000r\000s\000\040\000a\000n\000d\000\040\000A\000l\000g\000o\000r\000i\000t\000h\000m\000s}{part.1}% 6
\BOOKMARK [0][-]{chapter.5}{\376\377\000A\000\040\000T\000o\000u\000r\000\040\000o\000f\000\040\000C\000+\000+\000:\000\040\000C\000o\000n\000c\000u\000r\000r\000e\000n\000c\000y\000\040\000a\000n\000d\000\040\000U\000t\000i\000l\000i\000t\000i\000e\000s}{part.1}% 7
\BOOKMARK [-1][-]{part.2}{\376\377\000I\000I\000\040\000B\000a\000s\000i\000c\000\040\000F\000a\000c\000i\000l\000i\000t\000i\000e\000s}{}% 8
\BOOKMARK [0][-]{chapter.6}{\376\377\000T\000y\000p\000e\000s\000\040\000a\000n\000d\000\040\000D\000e\000c\000l\000a\000r\000a\000t\000i\000o\000n\000s}{part.2}% 9
\BOOKMARK [0][-]{chapter.7}{\376\377\000P\000o\000i\000n\000t\000e\000r\000s\000,\000\040\000A\000r\000r\000a\000y\000s\000,\000\040\000a\000n\000d\000\040\000R\000e\000f\000e\000r\000e\000n\000c\000e\000s}{part.2}% 10
\BOOKMARK [0][-]{chapter.8}{\376\377\000S\000t\000r\000u\000c\000t\000u\000r\000e\000s\000,\000\040\000U\000n\000i\000o\000n\000s\000,\000\040\000a\000n\000d\000\040\000E\000n\000u\000m\000e\000r\000a\000t\000i\000o\000n\000s}{part.2}% 11
\BOOKMARK [0][-]{chapter.9}{\376\377\000S\000t\000a\000t\000e\000m\000e\000n\000t\000s}{part.2}% 12
\BOOKMARK [0][-]{chapter.10}{\376\377\000E\000x\000p\000r\000e\000s\000s\000i\000o\000n\000s}{part.2}% 13
\BOOKMARK [0][-]{chapter.11}{\376\377\000S\000e\000l\000e\000c\000t\000\040\000O\000p\000e\000r\000a\000t\000i\000o\000n\000s}{part.2}% 14
\BOOKMARK [0][-]{chapter.12}{\376\377\000F\000u\000n\000c\000t\000i\000o\000n\000s}{part.2}% 15
\BOOKMARK [0][-]{chapter.13}{\376\377\000E\000x\000c\000e\000p\000t\000i\000o\000n\000\040\000H\000a\000n\000d\000l\000i\000n\000g}{part.2}% 16
\BOOKMARK [0][-]{chapter.14}{\376\377\000N\000a\000m\000e\000s\000p\000a\000c\000e\000s}{part.2}% 17
\BOOKMARK [0][-]{chapter.15}{\376\377\000S\000o\000u\000r\000c\000e\000\040\000F\000i\000l\000e\000s\000\040\000a\000n\000d\000\040\000P\000r\000o\000g\000r\000a\000m\000s}{part.2}% 18
\BOOKMARK [-1][-]{part.3}{\376\377\000I\000I\000I\000\040\000A\000b\000s\000t\000r\000a\000c\000t\000i\000o\000n\000\040\000M\000e\000c\000h\000a\000n\000i\000s\000m\000s}{}% 19
\BOOKMARK [0][-]{chapter.16}{\376\377\000C\000l\000a\000s\000s\000e\000s}{part.3}% 20
\BOOKMARK [0][-]{chapter.17}{\376\377\000C\000o\000n\000s\000t\000r\000u\000c\000t\000i\000o\000n\000,\000\040\000C\000l\000e\000a\000n\000u\000p\000,\000\040\000C\000o\000p\000y\000,\000\040\000a\000n\000d\000\040\000M\000o\000v\000e}{part.3}% 21
\BOOKMARK [0][-]{chapter.18}{\376\377\000O\000v\000e\000r\000l\000o\000a\000d\000i\000n\000g}{part.3}% 22
\BOOKMARK [0][-]{chapter.19}{\376\377\000S\000p\000e\000c\000i\000a\000l\000\040\000O\000p\000e\000r\000a\000t\000o\000r\000s}{part.3}% 23
\BOOKMARK [0][-]{chapter.20}{\376\377\000D\000e\000r\000i\000v\000e\000d\000\040\000C\000l\000a\000s\000s\000e\000s}{part.3}% 24
\BOOKMARK [0][-]{chapter.21}{\376\377\000C\000l\000a\000s\000s\000\040\000H\000i\000e\000r\000a\000r\000c\000h\000i\000e\000s}{part.3}% 25
\BOOKMARK [0][-]{chapter.22}{\376\377\000R\000u\000n\000-\000T\000i\000m\000e\000\040\000T\000y\000p\000e\000\040\000I\000n\000f\000o\000r\000m\000a\000t\000i\000o\000n}{part.3}% 26
\BOOKMARK [0][-]{chapter.23}{\376\377\000T\000e\000m\000p\000l\000a\000t\000e\000s}{part.3}% 27
\BOOKMARK [0][-]{chapter.24}{\376\377\000G\000e\000n\000e\000r\000i\000c\000\040\000P\000r\000o\000g\000r\000a\000m\000m\000i\000n\000g}{part.3}% 28
\BOOKMARK [0][-]{chapter.25}{\376\377\000S\000p\000e\000c\000i\000a\000l\000i\000z\000a\000t\000i\000o\000n}{part.3}% 29
\BOOKMARK [0][-]{chapter.26}{\376\377\000I\000n\000s\000t\000a\000n\000t\000i\000a\000t\000i\000o\000n}{part.3}% 30
\BOOKMARK [0][-]{chapter.27}{\376\377\000T\000e\000m\000p\000l\000a\000t\000e\000s\000\040\000a\000n\000d\000\040\000H\000i\000e\000r\000a\000r\000c\000h\000i\000e\000s}{part.3}% 31
\BOOKMARK [0][-]{chapter.28}{\376\377\000M\000e\000t\000a\000p\000r\000o\000g\000r\000a\000m\000m\000i\000n\000g}{part.3}% 32
\BOOKMARK [0][-]{chapter.29}{\376\377\000A\000\040\000M\000a\000t\000r\000i\000x\000\040\000D\000e\000s\000i\000g\000n}{part.3}% 33
\BOOKMARK [-1][-]{part.4}{\376\377\000I\000V\000\040\000T\000h\000e\000\040\000S\000t\000a\000n\000d\000a\000r\000d\000\040\000L\000i\000b\000r\000a\000r\000y}{}% 34
\BOOKMARK [0][-]{chapter.30}{\376\377\000S\000t\000a\000n\000d\000a\000r\000d\000\040\000L\000i\000b\000r\000a\000r\000y\000\040\000S\000u\000m\000m\000a\000r\000y}{part.4}% 35
\BOOKMARK [0][-]{chapter.31}{\376\377\000S\000T\000L\000\040\000C\000o\000n\000t\000a\000i\000n\000e\000r\000s}{part.4}% 36
\BOOKMARK [0][-]{chapter.32}{\376\377\000S\000T\000L\000\040\000A\000l\000g\000o\000r\000i\000t\000h\000m\000s}{part.4}% 37
\BOOKMARK [0][-]{chapter.33}{\376\377\000S\000T\000L\000\040\000I\000t\000e\000r\000a\000t\000o\000r\000s}{part.4}% 38
\BOOKMARK [0][-]{chapter.34}{\376\377\000M\000e\000m\000o\000r\000y\000\040\000a\000n\000d\000\040\000R\000e\000s\000o\000u\000r\000c\000e\000s}{part.4}% 39
\BOOKMARK [0][-]{chapter.35}{\376\377\000U\000t\000i\000l\000i\000t\000i\000e\000s}{part.4}% 40
\BOOKMARK [0][-]{chapter.36}{\376\377\000S\000t\000r\000i\000n\000g\000s}{part.4}% 41
\BOOKMARK [0][-]{chapter.37}{\376\377\000R\000e\000g\000u\000l\000a\000r\000\040\000E\000x\000p\000r\000e\000s\000s\000i\000o\000n\000s}{part.4}% 42
\BOOKMARK [0][-]{chapter.38}{\376\377\000I\000/\000O\000\040\000S\000t\000r\000e\000a\000m\000s}{part.4}% 43
\BOOKMARK [0][-]{chapter.39}{\376\377\000L\000o\000c\000a\000l\000e\000s}{part.4}% 44
\BOOKMARK [0][-]{chapter.40}{\376\377\000N\000u\000m\000e\000r\000i\000c\000s}{part.4}% 45
\BOOKMARK [0][-]{chapter.41}{\376\377\000C\000o\000n\000c\000u\000r\000r\000e\000n\000c\000y}{part.4}% 46
\BOOKMARK [0][-]{chapter.42}{\376\377\000T\000h\000r\000e\000a\000d\000s\000\040\000a\000n\000d\000\040\000T\000a\000s\000k\000s}{part.4}% 47
\BOOKMARK [0][-]{chapter.43}{\376\377\000T\000h\000e\000\040\000C\000\040\000S\000t\000a\000n\000d\000a\000r\000d\000\040\000L\000i\000b\000r\000a\000r\000y}{part.4}% 48
\BOOKMARK [0][-]{chapter.44}{\376\377\000C\000o\000m\000p\000a\000t\000i\000b\000i\000l\000i\000t\000y}{part.4}% 49
