\BOOKMARK [0][-]{chapter*.1}{\376\377\000P\000r\000e\000f\000a\000c\000e}{}% 1
\BOOKMARK [0][-]{chapter.1}{\376\377\000A\000r\000r\000a\000y\000s\000\040\000\046\000\040\000H\000a\000s\000h\000i\000n\000g}{}% 2
\BOOKMARK [1][-]{section.1.1}{\376\377\000C\000o\000n\000t\000a\000i\000n\000s\000\040\000D\000u\000p\000l\000i\000c\000a\000t\000e}{chapter.1}% 3
\BOOKMARK [2][-]{subsection.1.1.1}{\376\377\000F\000i\000r\000s\000t\000\040\000A\000t\000t\000e\000m\000p\000t\000\040\000a\000n\000d\000\040\000W\000h\000y\000\040\000I\000t\000\040\000W\000a\000s\000\040\000I\000n\000c\000o\000r\000r\000e\000c\000t}{section.1.1}% 4
\BOOKMARK [1][-]{section.1.2}{\376\377\000T\000o\000p\000\040\000K\000\040\000F\000r\000e\000q\000u\000e\000n\000t\000\040\000E\000l\000e\000m\000e\000n\000t\000s}{chapter.1}% 5
\BOOKMARK [1][-]{section.1.3}{\376\377\000P\000r\000o\000d\000u\000c\000t\000\040\000o\000f\000\040\000A\000r\000r\000a\000y\000\040\000E\000x\000c\000e\000p\000t\000\040\000S\000e\000l\000f}{chapter.1}% 6
\BOOKMARK [1][-]{section.1.4}{\376\377\000V\000a\000l\000i\000d\000\040\000S\000u\000d\000o\000k\000u}{chapter.1}% 7
\BOOKMARK [1][-]{section.1.5}{\376\377\000E\000n\000c\000o\000d\000e\000\040\000a\000n\000d\000\040\000D\000e\000c\000o\000d\000e\000\040\000S\000t\000r\000i\000n\000g\000s}{chapter.1}% 8
\BOOKMARK [1][-]{section.1.6}{\376\377\000L\000o\000n\000g\000e\000s\000t\000\040\000C\000o\000n\000s\000e\000c\000u\000t\000i\000v\000e\000\040\000S\000e\000q\000u\000e\000n\000c\000e}{chapter.1}% 9
\BOOKMARK [0][-]{chapter.2}{\376\377\000T\000w\000o\000\040\000P\000o\000i\000n\000t\000e\000r\000s}{}% 10
\BOOKMARK [1][-]{section.2.1}{\376\377\000V\000a\000l\000i\000d\000\040\000P\000a\000l\000i\000n\000d\000r\000o\000m\000e}{chapter.2}% 11
\BOOKMARK [1][-]{section.2.2}{\376\377\000T\000w\000o\000\040\000S\000u\000m\000\040\000I\000I}{chapter.2}% 12
\BOOKMARK [1][-]{section.2.3}{\376\377\0003\000S\000u\000m}{chapter.2}% 13
\BOOKMARK [1][-]{section.2.4}{\376\377\000C\000o\000n\000t\000a\000i\000n\000e\000r\000\040\000W\000i\000t\000h\000\040\000M\000o\000s\000t\000\040\000W\000a\000t\000e\000r}{chapter.2}% 14
\BOOKMARK [1][-]{section.2.5}{\376\377\000T\000r\000a\000p\000p\000i\000n\000g\000\040\000R\000a\000i\000n\000\040\000W\000a\000t\000e\000r}{chapter.2}% 15
\BOOKMARK [0][-]{chapter.3}{\376\377\000S\000l\000i\000d\000i\000n\000g\000\040\000W\000i\000n\000d\000o\000w}{}% 16
\BOOKMARK [1][-]{section.3.1}{\376\377\000B\000e\000s\000t\000\040\000T\000i\000m\000e\000\040\000t\000o\000\040\000B\000u\000y\000\040\000a\000n\000d\000\040\000S\000e\000l\000l\000\040\000S\000t\000o\000c\000k}{chapter.3}% 17
\BOOKMARK [1][-]{section.3.2}{\376\377\000L\000o\000n\000g\000e\000s\000t\000\040\000S\000u\000b\000s\000t\000r\000i\000n\000g\000\040\000W\000i\000t\000h\000o\000u\000t\000\040\000R\000e\000p\000e\000a\000t\000i\000n\000g\000\040\000C\000h\000a\000r\000a\000c\000t\000e\000r\000s}{chapter.3}% 18
\BOOKMARK [1][-]{section.3.3}{\376\377\000L\000o\000n\000g\000e\000s\000t\000\040\000R\000e\000p\000e\000a\000t\000i\000n\000g\000\040\000C\000h\000a\000r\000a\000c\000t\000e\000r\000\040\000R\000e\000p\000l\000a\000c\000e\000m\000e\000n\000t}{chapter.3}% 19
\BOOKMARK [1][-]{section.3.4}{\376\377\000M\000i\000n\000i\000m\000u\000m\000\040\000W\000i\000n\000d\000o\000w\000\040\000S\000u\000b\000s\000t\000r\000i\000n\000g}{chapter.3}% 20
\BOOKMARK [0][-]{chapter.4}{\376\377\000S\000t\000a\000c\000k}{}% 21
\BOOKMARK [1][-]{section.4.1}{\376\377\000V\000a\000l\000i\000d\000\040\000P\000a\000r\000e\000n\000t\000h\000e\000s\000e\000s}{chapter.4}% 22
\BOOKMARK [1][-]{section.4.2}{\376\377\000M\000i\000n\000\040\000S\000t\000a\000c\000k}{chapter.4}% 23
\BOOKMARK [1][-]{section.4.3}{\376\377\000E\000v\000a\000l\000u\000a\000t\000e\000\040\000R\000e\000v\000e\000r\000s\000e\000\040\000P\000o\000l\000i\000s\000h\000\040\000N\000o\000t\000a\000t\000i\000o\000n}{chapter.4}% 24
\BOOKMARK [1][-]{section.4.4}{\376\377\000G\000e\000n\000e\000r\000a\000t\000e\000\040\000P\000a\000r\000e\000n\000t\000h\000e\000s\000e\000s}{chapter.4}% 25
\BOOKMARK [1][-]{section.4.5}{\376\377\000D\000a\000i\000l\000y\000\040\000T\000e\000m\000p\000e\000r\000a\000t\000u\000r\000e\000s}{chapter.4}% 26
\BOOKMARK [1][-]{section.4.6}{\376\377\000C\000a\000r\000\040\000F\000l\000e\000e\000t}{chapter.4}% 27
\BOOKMARK [1][-]{section.4.7}{\376\377\000L\000a\000r\000g\000e\000s\000t\000\040\000R\000e\000c\000t\000a\000n\000g\000l\000e\000\040\000i\000n\000\040\000H\000i\000s\000t\000o\000g\000r\000a\000m}{chapter.4}% 28
\BOOKMARK [0][-]{chapter.5}{\376\377\000B\000i\000n\000a\000r\000y\000\040\000S\000e\000a\000r\000c\000h}{}% 29
\BOOKMARK [1][-]{section.5.1}{\376\377\000B\000i\000n\000a\000r\000y\000\040\000S\000e\000a\000r\000c\000h}{chapter.5}% 30
\BOOKMARK [1][-]{section.5.2}{\376\377\000S\000e\000a\000r\000c\000h\000\040\000a\000\040\0002\000D\000\040\000M\000a\000t\000r\000i\000x}{chapter.5}% 31
\BOOKMARK [1][-]{section.5.3}{\376\377\000K\000o\000k\000o\000\040\000E\000a\000t\000i\000n\000g\000\040\000B\000a\000n\000a\000n\000a\000s}{chapter.5}% 32
\BOOKMARK [1][-]{section.5.4}{\376\377\000F\000i\000n\000d\000\040\000M\000i\000n\000i\000m\000u\000m\000\040\000i\000n\000\040\000R\000o\000t\000a\000t\000e\000d\000\040\000S\000o\000r\000t\000e\000d\000\040\000A\000r\000r\000a\000y}{chapter.5}% 33
\BOOKMARK [1][-]{section.5.5}{\376\377\000S\000e\000a\000r\000c\000h\000\040\000i\000n\000\040\000R\000o\000t\000a\000t\000e\000d\000\040\000S\000o\000r\000t\000e\000d\000\040\000A\000r\000r\000a\000y}{chapter.5}% 34
\BOOKMARK [1][-]{section.5.6}{\376\377\000T\000i\000m\000e\000\040\000B\000a\000s\000e\000d\000\040\000K\000e\000y\000-\000V\000a\000l\000u\000e\000\040\000S\000t\000o\000r\000e}{chapter.5}% 35
\BOOKMARK [1][-]{section.5.7}{\376\377\000M\000e\000d\000i\000a\000n\000\040\000o\000f\000\040\000T\000w\000o\000\040\000S\000o\000r\000t\000e\000d\000\040\000A\000r\000r\000a\000y\000s}{chapter.5}% 36
\BOOKMARK [0][-]{chapter.6}{\376\377\000L\000i\000n\000k\000e\000d\000\040\000L\000i\000s\000t}{}% 37
\BOOKMARK [1][-]{section.6.1}{\376\377\000R\000e\000v\000e\000r\000s\000e\000\040\000L\000i\000n\000k\000e\000d\000\040\000L\000i\000s\000t}{chapter.6}% 38
\BOOKMARK [1][-]{section.6.2}{\376\377\000M\000e\000r\000g\000e\000\040\000T\000w\000o\000\040\000S\000o\000r\000t\000e\000d\000\040\000L\000i\000s\000t\000s}{chapter.6}% 39
\BOOKMARK [1][-]{section.6.3}{\376\377\000R\000e\000o\000r\000d\000e\000r\000\040\000L\000i\000s\000t}{chapter.6}% 40
\BOOKMARK [1][-]{section.6.4}{\376\377\000R\000e\000m\000o\000v\000e\000\040\000N\000t\000h\000\040\000N\000o\000d\000e\000\040\000F\000r\000o\000m\000\040\000E\000n\000d\000\040\000o\000f\000\040\000L\000i\000s\000t}{chapter.6}% 41
\BOOKMARK [1][-]{section.6.5}{\376\377\000C\000o\000p\000y\000\040\000L\000i\000s\000t\000\040\000w\000i\000t\000h\000\040\000R\000a\000n\000d\000o\000m\000\040\000P\000o\000i\000n\000t\000e\000r}{chapter.6}% 42
\BOOKMARK [1][-]{section.6.6}{\376\377\000A\000d\000d\000\040\000T\000w\000o\000\040\000N\000u\000m\000b\000e\000r\000s}{chapter.6}% 43
\BOOKMARK [1][-]{section.6.7}{\376\377\000L\000i\000n\000k\000e\000d\000\040\000L\000i\000s\000t\000\040\000C\000y\000c\000l\000e}{chapter.6}% 44
\BOOKMARK [1][-]{section.6.8}{\376\377\000F\000i\000n\000d\000\040\000t\000h\000e\000\040\000D\000u\000p\000l\000i\000c\000a\000t\000e\000\040\000N\000u\000m\000b\000e\000r}{chapter.6}% 45
\BOOKMARK [1][-]{section.6.9}{\376\377\000L\000R\000U\000\040\000C\000a\000c\000h\000e}{chapter.6}% 46
\BOOKMARK [1][-]{section.6.10}{\376\377\000M\000e\000r\000g\000e\000\040\000K\000\040\000S\000o\000r\000t\000e\000d\000\040\000L\000i\000s\000t\000s}{chapter.6}% 47
\BOOKMARK [1][-]{section.6.11}{\376\377\000R\000e\000v\000e\000r\000s\000e\000\040\000N\000o\000d\000e\000s\000\040\000i\000n\000\040\000K\000-\000G\000r\000o\000u\000p}{chapter.6}% 48
\BOOKMARK [0][-]{chapter.7}{\376\377\000T\000r\000e\000e\000s}{}% 49
\BOOKMARK [1][-]{section.7.1}{\376\377\000I\000n\000v\000e\000r\000t\000\040\000B\000i\000n\000a\000r\000y\000\040\000T\000r\000e\000e}{chapter.7}% 50
\BOOKMARK [1][-]{section.7.2}{\376\377\000M\000a\000x\000i\000m\000u\000m\000\040\000D\000e\000p\000t\000h\000\040\000o\000f\000\040\000B\000i\000n\000a\000r\000y\000\040\000T\000r\000e\000e}{chapter.7}% 51
\BOOKMARK [1][-]{section.7.3}{\376\377\000D\000i\000a\000m\000e\000t\000e\000r\000\040\000o\000f\000\040\000B\000i\000n\000a\000r\000y\000\040\000T\000r\000e\000e}{chapter.7}% 52
\BOOKMARK [1][-]{section.7.4}{\376\377\000B\000a\000l\000a\000n\000c\000e\000d\000\040\000B\000i\000n\000a\000r\000y\000\040\000T\000r\000e\000e}{chapter.7}% 53
\BOOKMARK [1][-]{section.7.5}{\376\377\000S\000a\000m\000e\000\040\000T\000r\000e\000e}{chapter.7}% 54
\BOOKMARK [1][-]{section.7.6}{\376\377\000S\000u\000b\000t\000r\000e\000e\000\040\000o\000f\000\040\000A\000n\000o\000t\000h\000e\000r\000\040\000T\000r\000e\000e}{chapter.7}% 55
\BOOKMARK [1][-]{section.7.7}{\376\377\000L\000o\000w\000e\000s\000t\000\040\000C\000o\000m\000m\000o\000n\000\040\000A\000n\000c\000e\000s\000t\000o\000r\000\040\000o\000f\000\040\000a\000\040\000B\000i\000n\000a\000r\000y\000\040\000S\000e\000a\000r\000c\000h\000\040\000T\000r\000e\000e}{chapter.7}% 56
\BOOKMARK [1][-]{section.7.8}{\376\377\000B\000i\000n\000a\000r\000y\000\040\000T\000r\000e\000e\000\040\000L\000e\000v\000e\000l\000\040\000O\000r\000d\000e\000r\000\040\000T\000r\000a\000v\000e\000r\000s\000a\000l}{chapter.7}% 57
\BOOKMARK [1][-]{section.7.9}{\376\377\000B\000i\000n\000a\000r\000y\000\040\000T\000r\000e\000e\000\040\000R\000i\000g\000h\000t\000\040\000S\000i\000d\000e\000\040\000V\000i\000e\000w}{chapter.7}% 58
\BOOKMARK [1][-]{section.7.10}{\376\377\000C\000o\000u\000n\000t\000\040\000G\000o\000o\000d\000\040\000N\000o\000d\000e\000s\000\040\000i\000n\000\040\000B\000i\000n\000a\000r\000y\000\040\000T\000r\000e\000e}{chapter.7}% 59
\BOOKMARK [1][-]{section.7.11}{\376\377\000V\000a\000l\000i\000d\000a\000t\000e\000\040\000B\000i\000n\000a\000r\000y\000\040\000S\000e\000a\000r\000c\000h\000\040\000T\000r\000e\000e}{chapter.7}% 60
\BOOKMARK [1][-]{section.7.12}{\376\377\000K\000t\000h\000\040\000S\000m\000a\000l\000l\000e\000s\000t\000\040\000E\000l\000e\000m\000e\000n\000t\000\040\000i\000n\000\040\000a\000\040\000B\000S\000T}{chapter.7}% 61
\BOOKMARK [1][-]{section.7.13}{\376\377\000C\000o\000n\000s\000t\000r\000u\000c\000t\000\040\000B\000i\000n\000a\000r\000y\000\040\000T\000r\000e\000e\000\040\000f\000r\000o\000m\000\040\000P\000r\000e\000o\000r\000d\000e\000r\000\040\000a\000n\000d\000\040\000I\000n\000o\000r\000d\000e\000r\000\040\000T\000r\000a\000v\000e\000r\000s\000a\000l}{chapter.7}% 62
\BOOKMARK [1][-]{section.7.14}{\376\377\000B\000i\000n\000a\000r\000y\000\040\000T\000r\000e\000e\000\040\000M\000a\000x\000i\000m\000u\000m\000\040\000P\000a\000t\000h\000\040\000S\000u\000m}{chapter.7}% 63
\BOOKMARK [1][-]{section.7.15}{\376\377\000S\000e\000r\000i\000a\000l\000i\000z\000e\000\040\000a\000n\000d\000\040\000D\000e\000s\000e\000r\000i\000a\000l\000i\000z\000e\000\040\000B\000i\000n\000a\000r\000y\000\040\000T\000r\000e\000e}{chapter.7}% 64
\BOOKMARK [0][-]{chapter.8}{\376\377\000T\000r\000i\000e\000s}{}% 65
\BOOKMARK [1][-]{section.8.1}{\376\377\000I\000m\000p\000l\000e\000m\000e\000n\000t\000\040\000T\000r\000i\000e}{chapter.8}% 66
\BOOKMARK [1][-]{section.8.2}{\376\377\000D\000e\000s\000i\000g\000n\000\040\000A\000d\000d\000\040\000a\000n\000d\000\040\000S\000e\000a\000r\000c\000h\000\040\000W\000o\000r\000d\000s\000\040\000D\000a\000t\000a\000\040\000S\000t\000r\000u\000c\000t\000u\000r\000e}{chapter.8}% 67
\BOOKMARK [1][-]{section.8.3}{\376\377\000W\000o\000r\000d\000\040\000S\000e\000a\000r\000c\000h\000\040\000I\000I}{chapter.8}% 68
\BOOKMARK [0][-]{chapter.9}{\376\377\000H\000e\000a\000p\000\040\000/\000\040\000P\000r\000i\000o\000r\000i\000t\000y\000\040\000Q\000u\000e\000u\000e}{}% 69
\BOOKMARK [1][-]{section.9.1}{\376\377\000K\000t\000h\000\040\000L\000a\000r\000g\000e\000s\000t\000\040\000E\000l\000e\000m\000e\000n\000t\000\040\000i\000n\000\040\000a\000\040\000S\000t\000r\000e\000a\000m}{chapter.9}% 70
\BOOKMARK [1][-]{section.9.2}{\376\377\000L\000a\000s\000t\000\040\000S\000t\000o\000n\000e\000\040\000W\000e\000i\000g\000h\000t}{chapter.9}% 71
\BOOKMARK [1][-]{section.9.3}{\376\377\000K\000\040\000C\000l\000o\000s\000e\000s\000t\000\040\000P\000o\000i\000n\000t\000s\000\040\000t\000o\000\040\000O\000r\000i\000g\000i\000n}{chapter.9}% 72
\BOOKMARK [1][-]{section.9.4}{\376\377\000K\000t\000h\000\040\000L\000a\000r\000g\000e\000s\000t\000\040\000E\000l\000e\000m\000e\000n\000t\000\040\000i\000n\000\040\000a\000n\000\040\000A\000r\000r\000a\000y}{chapter.9}% 73
\BOOKMARK [1][-]{section.9.5}{\376\377\000T\000a\000s\000k\000\040\000S\000c\000h\000e\000d\000u\000l\000e\000r}{chapter.9}% 74
\BOOKMARK [1][-]{section.9.6}{\376\377\000D\000e\000s\000i\000g\000n\000\040\000T\000w\000i\000t\000t\000e\000r}{chapter.9}% 75
\BOOKMARK [1][-]{section.9.7}{\376\377\000F\000i\000n\000d\000\040\000M\000e\000d\000i\000a\000n\000\040\000f\000r\000o\000m\000\040\000D\000a\000t\000a\000\040\000S\000t\000r\000e\000a\000m}{chapter.9}% 76
\BOOKMARK [0][-]{chapter.10}{\376\377\000B\000a\000c\000k\000t\000r\000a\000c\000k\000i\000n\000g}{}% 77
\BOOKMARK [1][-]{section.10.1}{\376\377\000S\000u\000b\000s\000e\000t\000s}{chapter.10}% 78
\BOOKMARK [1][-]{section.10.2}{\376\377\000C\000o\000m\000b\000i\000n\000a\000t\000i\000o\000n\000\040\000S\000u\000m}{chapter.10}% 79
\BOOKMARK [1][-]{section.10.3}{\376\377\000P\000e\000r\000m\000u\000t\000a\000t\000i\000o\000n\000s}{chapter.10}% 80
\BOOKMARK [1][-]{section.10.4}{\376\377\000S\000u\000b\000s\000e\000t\000s\000\040\000I\000I}{chapter.10}% 81
\BOOKMARK [1][-]{section.10.5}{\376\377\000C\000o\000m\000b\000i\000n\000a\000t\000i\000o\000n\000\040\000S\000u\000m\000\040\000I\000I}{chapter.10}% 82
\BOOKMARK [1][-]{section.10.6}{\376\377\000W\000o\000r\000d\000\040\000S\000e\000a\000r\000c\000h}{chapter.10}% 83
\BOOKMARK [1][-]{section.10.7}{\376\377\000P\000a\000l\000i\000n\000d\000r\000o\000m\000e\000\040\000P\000a\000r\000t\000i\000t\000i\000o\000n\000i\000n\000g}{chapter.10}% 84
\BOOKMARK [1][-]{section.10.8}{\376\377\000L\000e\000t\000t\000e\000r\000\040\000C\000o\000m\000b\000i\000n\000a\000t\000i\000o\000n\000s\000\040\000o\000f\000\040\000a\000\040\000P\000h\000o\000n\000e\000\040\000N\000u\000m\000b\000e\000r}{chapter.10}% 85
\BOOKMARK [1][-]{section.10.9}{\376\377\000N\000-\000Q\000u\000e\000e\000n\000s}{chapter.10}% 86
